<?xml version="1.0" encoding="UTF-8"?>
<!-- Generated by org.testng.reporters.JUnitXMLReporter -->
<testsuite ignored="0" hostname="DESKTOP-EI8GRRN" failures="0" tests="3" name="Test" time="22.954" errors="0" timestamp="2022-07-23T20:04:07 IST">
  <testcase classname="testClasses.VerifyUserCanLogin" name="verifyUserCanLogin" time="2.474"/>
  <testcase classname="testClasses.VerifyUserCanAddNewAddress" name="verifyUserCanGoToProfilePage" time="5.021"/>
  <testcase classname="testClasses.VerifyUserCanAddNewAddress" name="verifyUserCanAddAddress" time="5.749"/>
</testsuite> <!-- Test -->
